{"ts":"2025-09-01T03:27:02.202Z","action":"upload_raw_scans","count":1}
{"ts":"2025-11-21T19:26:43.580Z","action":"verify_image_archived","id":"IMG_2088","scope":"all"}
{"ts":"2025-11-21T20:06:09.447Z","action":"verify_image_archived","id":"IMG_2088","scope":"all"}
{"ts":"2025-11-21T20:13:42.374Z","action":"verify_image_archived","id":"verified_IMG_2088","scope":"all"}
{"ts":"2025-11-22T02:35:23.193Z","action":"verify_image_archived","id":"3FA426BB-188D-4E91-9FCB-BCB3EEB46E9F_1_105_c","scope":"all"}
{"ts":"2025-11-22T02:48:17.151Z","action":"verify_card_passed","id":"3FA426BB-188D-4E91-9FCB-BCB3EEB46E9F_1_105_c","scope":"single","remaining":7}
{"ts":"2025-11-22T02:48:27.379Z","action":"verify_card_passed","id":"3FA426BB-188D-4E91-9FCB-BCB3EEB46E9F_1_105_c","scope":"single","remaining":6}
{"ts":"2025-11-22T02:48:54.769Z","action":"verify_image_archived","id":"3FA426BB-188D-4E91-9FCB-BCB3EEB46E9F_1_105_c","scope":"all"}
{"ts":"2025-11-22T05:13:08.239Z","action":"verify_card_passed","id":"3FA426BB-188D-4E91-9FCB-BCB3EEB46E9F_1_105_c","scope":"single","remaining":6}
{"ts":"2025-11-22T05:13:47.980Z","action":"verify_image_archived","id":"3FA426BB-188D-4E91-9FCB-BCB3EEB46E9F_1_105_c","scope":"all"}
{"ts":"2025-11-22T20:21:43.918Z","action":"verify_image_archived","id":"3FA426BB-188D-4E91-9FCB-BCB3EEB46E9F_1_105_c","scope":"all"}
{"ts":"2025-11-22T21:08:39.075Z","action":"verify_image_archived","id":"3FA426BB-188D-4E91-9FCB-BCB3EEB46E9F_1_105_c","scope":"all"}
{"ts":"2025-11-22T23:09:37.455Z","action":"verify_image_archived","id":"3FA426BB-188D-4E91-9FCB-BCB3EEB46E9F_1_105_c","scope":"all"}
{"ts":"2025-11-22T23:23:17.795Z","action":"verify_image_archived","id":"3FA426BB-188D-4E91-9FCB-BCB3EEB46E9F_1_105_c","scope":"all"}
{"ts":"2025-11-23T06:24:40.541Z","action":"verify_image_archived","id":"3FA426BB-188D-4E91-9FCB-BCB3EEB46E9F_1_105_c","scope":"all"}
{"ts":"2025-11-23T06:39:11.120Z","action":"verify_image_archived","id":"3FA426BB-188D-4E91-9FCB-BCB3EEB46E9F_1_105_c","scope":"all"}
{"ts":"2025-11-23T06:41:30.278Z","action":"verify_image_archived","id":"3FA426BB-188D-4E91-9FCB-BCB3EEB46E9F_1_105_c","scope":"all"}
{"ts":"2025-11-23T06:47:42.213Z","action":"verify_image_archived","id":"3FA426BB-188D-4E91-9FCB-BCB3EEB46E9F_1_105_c","scope":"all"}
{"ts":"2025-11-23T07:30:29.961Z","action":"verify_card_passed","id":"3FA426BB-188D-4E91-9FCB-BCB3EEB46E9F_1_105_c","scope":"single","remaining":8}
{"ts":"2025-11-23T07:31:48.867Z","action":"verify_card_passed","id":"3FA426BB-188D-4E91-9FCB-BCB3EEB46E9F_1_105_c","scope":"single","remaining":7}
{"ts":"2025-11-23T07:36:59.037Z","action":"verify_card_passed","id":"3FA426BB-188D-4E91-9FCB-BCB3EEB46E9F_1_105_c","scope":"single","remaining":6}
{"ts":"2025-11-23T07:37:18.238Z","action":"verify_card_passed","id":"3FA426BB-188D-4E91-9FCB-BCB3EEB46E9F_1_105_c","scope":"single","remaining":5}
{"ts":"2025-11-23T07:37:46.975Z","action":"verify_card_passed","id":"3FA426BB-188D-4E91-9FCB-BCB3EEB46E9F_1_105_c","scope":"single","remaining":4}
{"ts":"2025-11-23T07:38:22.419Z","action":"verify_card_passed","id":"3FA426BB-188D-4E91-9FCB-BCB3EEB46E9F_1_105_c","scope":"single","remaining":3}
{"ts":"2025-11-23T07:39:49.900Z","action":"verify_card_passed","id":"3FA426BB-188D-4E91-9FCB-BCB3EEB46E9F_1_105_c","scope":"single","remaining":2}
{"ts":"2025-11-23T07:40:09.002Z","action":"verify_card_passed","id":"3FA426BB-188D-4E91-9FCB-BCB3EEB46E9F_1_105_c","scope":"single","remaining":1}
{"ts":"2025-11-23T07:46:33.235Z","action":"verify_image_archived","id":"3FA426BB-188D-4E91-9FCB-BCB3EEB46E9F_1_105_c","scope":"all"}
{"ts":"2025-11-23T07:57:28.467Z","action":"verify_card_passed","id":"4D876824-7707-4364-A6F7-CBBE6AEC4256_1_105_c","scope":"single","remaining":8}
