Processing 3x3 grid BACK images (PRIMARY input source)...
Processing 1 images from provided file list
Found 1 grid back images to process
Found 3288 front images available for backup matching
Pipeline: BACKS (primary) → Enhanced Processing → Front Matching (backup)
[1/1] Processing: IMG_2129.HEIC
processing: IMG_2129.HEIC
2025-11-25 15:05:12,093 - trading_cards - INFO - [filesystem] File uploaded: IMG_2129.HEIC
2025-11-25 15:05:17,337 - trading_cards - ERROR - Failed to log to database: (sqlite3.OperationalError) database is locked
[SQL: INSERT INTO system_logs (level, source, action, message, details, meta_data, session_id, user_agent, image_filename) VALUES (?, ?, ?, ?, ?, ?, ?, ?, ?) RETURNING id, timestamp]
[parameters: ('info', 'filesystem', 'upload', 'File uploaded: IMG_2129.HEIC', 'File size: 4002233 bytes, Type: .heic', None, 'session_20251125_150512_5225', None, 'IMG_2129.HEIC')]
(Background on this error at: https://sqlalche.me/e/20/e3q8)
2025-11-25 15:05:17,338 - trading_cards - INFO - [filesystem] File uploaded: IMG_2129.HEIC
2025-11-25 15:05:17,349 - trading_cards - INFO - [system] Upload status changed: IMG_2129.HEIC -> processing
2025-11-25 15:05:17,359 - trading_cards - INFO - [image_processing] Started processing: IMG_2129.HEIC
Processing 3x3 grid as PRIMARY input: cards/unprocessed_bulk_back/IMG_2129.HEIC
Trying enhanced multi-pass extraction with checklist validation...
[Enhanced Grid Extraction] Processing: cards/unprocessed_bulk_back/IMG_2129.HEIC
[Post-Correction] Applying learned corrections...
[Post-Correction] Warning: No module named 'post_extraction_corrections'
[Validation] Checking against checklist database...
[Checklist Validation] Error: No module named 'card_set_database'
[Checklist Validation] Error: No module named 'card_set_database'
[Checklist Validation] Error: No module named 'card_set_database'
[Checklist Validation] Error: No module named 'card_set_database'
[Checklist Validation] Error: No module named 'card_set_database'
[Checklist Validation] Error: No module named 'card_set_database'
[Checklist Validation] Error: No module named 'card_set_database'
[Checklist Validation] Error: No module named 'card_set_database'
[Checklist Validation] Error: No module named 'card_set_database'
Enhanced extraction succeeded: 9 cards, 0 unknown
Grid context: year=© 1976, brand=topps, sport=baseball, set=n/a
Warning: Accuracy enhancement failed: name 'enhance_cards_batch' is not defined
Using front images as BACKUP to supplement missing data from backs...
Matching front images from cards/unprocessed_single_front
Found 2579 front images; limiting to 10 most recent for matching
Applied general image enhancement
Applied general image enhancement
Applied general image enhancement
Applied general image enhancement
Applied general image enhancement
Applied general image enhancement
Applied general image enhancement
Applied general image enhancement
Applied general image enhancement
Applied general image enhancement
Grid processing completed: 9 cards processed
Matched grid position 0 with IMG_7563_optimized.png
Matched grid position 1 with IMG_7562_optimized.png
Matched grid position 2 with IMG_7566_optimized.png
Matched grid position 3 with IMG_7565_optimized.png
Matched grid position 4 with IMG_7569_optimized.png
Matched grid position 5 with IMG_7568_optimized.png
Matched grid position 6 with IMG_7564_optimized.png
Matched grid position 7 with IMG_7567_optimized.png
Matched grid position 8 with IMG_7570_optimized.png
Saved cropped back: IMG_2129_pos0_Doug_Bird_284.png
Saved cropped back: IMG_2129_pos1_Tom_Hilgendorf_327.png
Saved cropped back: IMG_2129_pos2_Dave_Hilton_349.png
Saved cropped back: IMG_2129_pos3_Von_Joshua_349.png
Saved cropped back: IMG_2129_pos4_Bill_Freehan_359.png
Saved cropped back: IMG_2129_pos5_Mike_Jorgensen_439.png
Saved cropped back: IMG_2129_pos6_Ron_Hodges_448.png
Saved cropped back: IMG_2129_pos7_Ron_Hodges_448.png
Saved cropped back: IMG_2129_pos8_Tim_Mccarver_540.png
Saved 9 grid cards to cards/pending_verification/IMG_2129.json
Grid processing completed: 9 cards extracted
2025-11-25 15:07:31,240 - trading_cards - INFO - [filesystem] File move: IMG_2129.HEIC -> IMG_2129.HEIC
2025-11-25 15:07:31,246 - trading_cards - INFO - [system] Upload status changed: IMG_2129.HEIC -> pending_verification
2025-11-25 15:07:31,248 - trading_cards - SUCCESS - [image_processing] Processing completed: IMG_2129.HEIC
completed: IMG_2129.HEIC (moved to pending_verification/bulk back)
