2025-11-24 01:24:53,458 - trading_cards - INFO - [filesystem] File uploaded: D7C34DA9-C0BE-41BA-888F-FFC3C4B47E68_1_105_c.jpeg
2025-11-24 01:24:58,715 - trading_cards - ERROR - Failed to log to database: (sqlite3.OperationalError) database is locked
[SQL: INSERT INTO system_logs (level, source, action, message, details, meta_data, session_id, user_agent, image_filename) VALUES (?, ?, ?, ?, ?, ?, ?, ?, ?) RETURNING id, timestamp]
[parameters: ('info', 'filesystem', 'upload', 'File uploaded: D7C34DA9-C0BE-41BA-888F-FFC3C4B47E68_1_105_c.jpeg', 'File size: 457808 bytes, Type: .jpeg', None, 'session_20251124_012453_28985', None, 'D7C34DA9-C0BE-41BA-888F-FFC3C4B47E68_1_105_c.jpeg')]
(Background on this error at: https://sqlalche.me/e/20/e3q8)
2025-11-24 01:24:58,715 - trading_cards - INFO - [filesystem] File uploaded: D7C34DA9-C0BE-41BA-888F-FFC3C4B47E68_1_105_c.jpeg
2025-11-24 01:24:58,722 - trading_cards - INFO - [system] Upload status changed: D7C34DA9-C0BE-41BA-888F-FFC3C4B47E68_1_105_c.jpeg -> processing
2025-11-24 01:24:58,729 - trading_cards - INFO - [image_processing] Started processing: D7C34DA9-C0BE-41BA-888F-FFC3C4B47E68_1_105_c.jpeg
2025-11-24 01:25:04,694 - trading_cards - ERROR - [image_processing] Grid processing fail: D7C34DA9-C0BE-41BA-888F-FFC3C4B47E68_1_105_c.jpeg
2025-11-24 01:25:04,702 - trading_cards - ERROR - [system] Upload status changed: D7C34DA9-C0BE-41BA-888F-FFC3C4B47E68_1_105_c.jpeg -> failed
2025-11-24 01:25:08,066 - trading_cards - ERROR - [image_processing] Grid processing fail: D7C34DA9-C0BE-41BA-888F-FFC3C4B47E68_1_105_c.jpeg
2025-11-24 01:25:08,073 - trading_cards - ERROR - [system] Upload status changed: D7C34DA9-C0BE-41BA-888F-FFC3C4B47E68_1_105_c.jpeg -> failed
2025-11-24 01:26:04,752 - trading_cards - INFO - [filesystem] File move: D7C34DA9-C0BE-41BA-888F-FFC3C4B47E68_1_105_c.jpeg -> D7C34DA9-C0BE-41BA-888F-FFC3C4B47E68_1_105_c.jpeg
2025-11-24 01:26:04,754 - trading_cards - INFO - [system] Upload status changed: D7C34DA9-C0BE-41BA-888F-FFC3C4B47E68_1_105_c.jpeg -> pending_verification
2025-11-24 01:26:04,755 - trading_cards - SUCCESS - [image_processing] Processing completed: D7C34DA9-C0BE-41BA-888F-FFC3C4B47E68_1_105_c.jpeg
2025-11-24 01:26:04,756 - trading_cards - INFO - [filesystem] File uploaded: IMG_2068.HEIC
2025-11-24 01:26:09,977 - trading_cards - ERROR - Failed to log to database: (sqlite3.OperationalError) database is locked
[SQL: INSERT INTO system_logs (level, source, action, message, details, meta_data, session_id, user_agent, image_filename) VALUES (?, ?, ?, ?, ?, ?, ?, ?, ?) RETURNING id, timestamp]
[parameters: ('info', 'filesystem', 'upload', 'File uploaded: IMG_2068.HEIC', 'File size: 4599058 bytes, Type: .heic', None, 'session_20251124_012453_28985', None, 'IMG_2068.HEIC')]
(Background on this error at: https://sqlalche.me/e/20/e3q8)
2025-11-24 01:26:09,977 - trading_cards - INFO - [filesystem] File uploaded: IMG_2068.HEIC
2025-11-24 01:26:09,979 - trading_cards - INFO - [system] Upload status changed: IMG_2068.HEIC -> processing
2025-11-24 01:26:09,983 - trading_cards - INFO - [image_processing] Started processing: IMG_2068.HEIC
2025-11-24 01:26:41,111 - trading_cards - SUCCESS - [image_processing] Grid processing complete: IMG_2068.HEIC (9 cards)
2025-11-24 01:26:41,119 - trading_cards - INFO - [system] Upload status changed: IMG_2068.HEIC -> pending_verification
2025-11-24 01:27:33,881 - trading_cards - INFO - [filesystem] File move: IMG_2068.HEIC -> IMG_2068.HEIC
2025-11-24 01:27:33,884 - trading_cards - INFO - [system] Upload status changed: IMG_2068.HEIC -> pending_verification
2025-11-24 01:27:33,885 - trading_cards - SUCCESS - [image_processing] Processing completed: IMG_2068.HEIC
2025-11-24 01:30:35,972 - trading_cards - SUCCESS - [verification] Single card passed: D7C34DA9-C0BE-41BA-888F-FFC3C4B47E68_1_105_c.jpeg (card 0)
2025-11-24 01:31:01,157 - trading_cards - SUCCESS - [verification] Single card passed: D7C34DA9-C0BE-41BA-888F-FFC3C4B47E68_1_105_c.jpeg (card 0)
2025-11-24 01:31:35,135 - trading_cards - SUCCESS - [verification] Single card passed: D7C34DA9-C0BE-41BA-888F-FFC3C4B47E68_1_105_c.jpeg (card 0)
2025-11-24 01:32:00,832 - trading_cards - SUCCESS - [verification] Single card passed: D7C34DA9-C0BE-41BA-888F-FFC3C4B47E68_1_105_c.jpeg (card 0)
2025-11-24 01:32:47,155 - trading_cards - SUCCESS - [verification] Single card passed: D7C34DA9-C0BE-41BA-888F-FFC3C4B47E68_1_105_c.jpeg (card 0)
2025-11-24 01:33:19,764 - trading_cards - SUCCESS - [verification] Single card passed: D7C34DA9-C0BE-41BA-888F-FFC3C4B47E68_1_105_c.jpeg (card 0)
2025-11-24 01:33:54,860 - trading_cards - SUCCESS - [verification] Single card passed: D7C34DA9-C0BE-41BA-888F-FFC3C4B47E68_1_105_c.jpeg (card 0)
2025-11-24 01:35:16,917 - trading_cards - SUCCESS - [verification] Single card passed: IMG_2068.HEIC (card 0)
2025-11-24 01:35:51,656 - trading_cards - SUCCESS - [verification] Single card passed: IMG_2068.HEIC (card 0)
2025-11-24 01:37:05,453 - trading_cards - SUCCESS - [verification] Single card passed: IMG_2068.HEIC (card 0)
2025-11-24 01:37:54,545 - trading_cards - SUCCESS - [verification] Single card passed: IMG_2068.HEIC (card 0)
2025-11-24 01:38:24,303 - trading_cards - SUCCESS - [verification] Single card passed: IMG_2068.HEIC (card 0)
2025-11-24 01:39:00,578 - trading_cards - SUCCESS - [verification] Single card passed: IMG_2068.HEIC (card 0)
2025-11-24 01:39:18,690 - trading_cards - SUCCESS - [verification] Single card passed: IMG_2068.HEIC (card 0)
2025-11-24 01:40:25,879 - trading_cards - SUCCESS - [verification] Single card passed: IMG_2068.HEIC (card 0)
2025-11-24 01:40:52,011 - trading_cards - INFO - [system] Upload status changed: IMG_2068.HEIC -> verified
2025-11-24 01:40:52,014 - trading_cards - SUCCESS - [verification] All cards passed: IMG_2068.HEIC
2025-11-24 16:56:01,874 - trading_cards - INFO - [filesystem] File uploaded: D7C34DA9-C0BE-41BA-888F-FFC3C4B47E68_1_105_c_failed_pos7.jpeg
2025-11-24 16:56:07,085 - trading_cards - ERROR - Failed to log to database: (sqlite3.OperationalError) database is locked
[SQL: INSERT INTO system_logs (level, source, action, message, details, meta_data, session_id, user_agent, image_filename) VALUES (?, ?, ?, ?, ?, ?, ?, ?, ?) RETURNING id, timestamp]
[parameters: ('info', 'filesystem', 'upload', 'File uploaded: D7C34DA9-C0BE-41BA-888F-FFC3C4B47E68_1_105_c_failed_pos7.jpeg', 'File size: 457808 bytes, Type: .jpeg', None, 'session_20251124_165601_64104', None, 'D7C34DA9-C0BE-41BA-888F-FFC3C4B47E68_1_105_c_failed_pos7.jpeg')]
(Background on this error at: https://sqlalche.me/e/20/e3q8)
2025-11-24 16:56:07,086 - trading_cards - INFO - [filesystem] File uploaded: D7C34DA9-C0BE-41BA-888F-FFC3C4B47E68_1_105_c_failed_pos7.jpeg
2025-11-24 16:56:07,096 - trading_cards - INFO - [system] Upload status changed: D7C34DA9-C0BE-41BA-888F-FFC3C4B47E68_1_105_c_failed_pos7.jpeg -> processing
2025-11-24 16:56:07,106 - trading_cards - INFO - [image_processing] Started processing: D7C34DA9-C0BE-41BA-888F-FFC3C4B47E68_1_105_c_failed_pos7.jpeg
2025-11-24 16:57:45,478 - trading_cards - INFO - [filesystem] File move: D7C34DA9-C0BE-41BA-888F-FFC3C4B47E68_1_105_c_failed_pos7.jpeg -> D7C34DA9-C0BE-41BA-888F-FFC3C4B47E68_1_105_c_failed_pos7.jpeg
2025-11-24 16:57:45,485 - trading_cards - INFO - [system] Upload status changed: D7C34DA9-C0BE-41BA-888F-FFC3C4B47E68_1_105_c_failed_pos7.jpeg -> pending_verification
2025-11-24 16:57:45,486 - trading_cards - SUCCESS - [image_processing] Processing completed: D7C34DA9-C0BE-41BA-888F-FFC3C4B47E68_1_105_c_failed_pos7.jpeg
2025-11-24 16:58:45,003 - trading_cards - INFO - [filesystem] File uploaded: IMG_2078.HEIC
2025-11-24 16:58:50,206 - trading_cards - ERROR - Failed to log to database: (sqlite3.OperationalError) database is locked
[SQL: INSERT INTO system_logs (level, source, action, message, details, meta_data, session_id, user_agent, image_filename) VALUES (?, ?, ?, ?, ?, ?, ?, ?, ?) RETURNING id, timestamp]
[parameters: ('info', 'filesystem', 'upload', 'File uploaded: IMG_2078.HEIC', 'File size: 4414022 bytes, Type: .heic', None, 'session_20251124_165844_65699', None, 'IMG_2078.HEIC')]
(Background on this error at: https://sqlalche.me/e/20/e3q8)
2025-11-24 16:58:50,206 - trading_cards - INFO - [filesystem] File uploaded: IMG_2078.HEIC
2025-11-24 16:58:50,217 - trading_cards - INFO - [system] Upload status changed: IMG_2078.HEIC -> processing
2025-11-24 16:58:50,226 - trading_cards - INFO - [image_processing] Started processing: IMG_2078.HEIC
2025-11-24 17:00:47,674 - trading_cards - INFO - [filesystem] File move: IMG_2078.HEIC -> IMG_2078.HEIC
2025-11-24 17:00:47,680 - trading_cards - INFO - [system] Upload status changed: IMG_2078.HEIC -> pending_verification
2025-11-24 17:00:47,682 - trading_cards - SUCCESS - [image_processing] Processing completed: IMG_2078.HEIC
2025-11-24 17:01:47,357 - trading_cards - SUCCESS - [verification] Single card passed: IMG_2078.HEIC (card 0)
2025-11-24 17:02:01,981 - trading_cards - SUCCESS - [verification] Single card passed: IMG_2078.HEIC (card 0)
2025-11-24 17:04:32,395 - trading_cards - SUCCESS - [verification] Single card passed: IMG_2078.HEIC (card 0)
2025-11-24 17:05:13,325 - trading_cards - SUCCESS - [verification] Single card passed: IMG_2078.HEIC (card 0)
2025-11-24 17:05:43,624 - trading_cards - SUCCESS - [verification] Single card passed: IMG_2078.HEIC (card 0)
2025-11-24 17:06:34,658 - trading_cards - SUCCESS - [verification] Single card passed: IMG_2078.HEIC (card 0)
2025-11-24 17:06:53,876 - trading_cards - SUCCESS - [verification] Single card passed: IMG_2078.HEIC (card 0)
2025-11-24 17:07:24,336 - trading_cards - SUCCESS - [verification] Single card passed: IMG_2078.HEIC (card 0)
2025-11-24 17:07:40,685 - trading_cards - INFO - [system] Upload status changed: IMG_2078.HEIC -> verified
2025-11-24 17:07:40,687 - trading_cards - SUCCESS - [verification] All cards passed: IMG_2078.HEIC
2025-11-24 17:20:38,146 - trading_cards - INFO - [filesystem] File uploaded: IMG_2098.HEIC
2025-11-24 17:20:43,389 - trading_cards - ERROR - Failed to log to database: (sqlite3.OperationalError) database is locked
[SQL: INSERT INTO system_logs (level, source, action, message, details, meta_data, session_id, user_agent, image_filename) VALUES (?, ?, ?, ?, ?, ?, ?, ?, ?) RETURNING id, timestamp]
[parameters: ('info', 'filesystem', 'upload', 'File uploaded: IMG_2098.HEIC', 'File size: 4666893 bytes, Type: .heic', None, 'session_20251124_172038_82752', None, 'IMG_2098.HEIC')]
(Background on this error at: https://sqlalche.me/e/20/e3q8)
2025-11-24 17:20:43,390 - trading_cards - INFO - [filesystem] File uploaded: IMG_2098.HEIC
2025-11-24 17:20:43,399 - trading_cards - INFO - [system] Upload status changed: IMG_2098.HEIC -> processing
2025-11-24 17:20:43,407 - trading_cards - INFO - [image_processing] Started processing: IMG_2098.HEIC
2025-11-24 17:22:27,100 - trading_cards - INFO - [filesystem] File move: IMG_2098.HEIC -> IMG_2098.HEIC
2025-11-24 17:22:27,103 - trading_cards - INFO - [system] Upload status changed: IMG_2098.HEIC -> pending_verification
2025-11-24 17:22:27,104 - trading_cards - SUCCESS - [image_processing] Processing completed: IMG_2098.HEIC
2025-11-24 17:31:30,095 - trading_cards - SUCCESS - [verification] Single card passed: IMG_2098.HEIC (card 0)
2025-11-24 17:32:17,241 - trading_cards - SUCCESS - [verification] Single card passed: IMG_2098.HEIC (card 0)
